
================================================================================
FastSurfer Recon Pipeline Log (Step Test)
Subject: NMT2Sym
Stop Step: s07
Start: 2026-01-28 11:49:20.411983
================================================================================

2026-01-28 11:49:20 - fastsurfer_recon.stages.volume_prep - INFO - Skipping s01 volume_prep (already complete)
2026-01-28 11:49:20 - fastsurfer_recon.stages.bias_correction - INFO - Starting s02 bias_correction
2026-01-28 11:49:20 - fastsurfer_recon.stages.s02_bias_correction - INFO - Running N4 bias field correction...
2026-01-28 11:49:20 - fastsurfer_recon.processing.bias_correction - INFO - Reading input: /mnt/DataDrive3/xliu/prep_test/banana_test/preproc/surf_recon/NMT2Sym/mri/orig.mgz
2026-01-28 11:49:20 - fastsurfer_recon.processing.bias_correction - INFO - Reading mask: /mnt/DataDrive3/xliu/prep_test/banana_test/preproc/surf_recon/NMT2Sym/mri/mask.mgz
2026-01-28 11:49:20 - fastsurfer_recon.processing.bias_correction - INFO - Running N4 bias correction...
2026-01-28 11:49:24 - fastsurfer_recon.processing.bias_correction - INFO - Normalizing using aseg segmentation...
2026-01-28 11:49:24 - fastsurfer_recon.processing.bias_correction - INFO - Source WM intensity: 221.98
2026-01-28 11:49:24 - fastsurfer_recon.processing.bias_correction - INFO - Source BG intensity: 0.00
2026-01-28 11:49:24 - fastsurfer_recon.processing.bias_correction - INFO - Converting to UCHAR...
2026-01-28 11:49:24 - fastsurfer_recon.processing.bias_correction - INFO - Writing output: /mnt/DataDrive3/xliu/prep_test/banana_test/preproc/surf_recon/NMT2Sym/mri/orig_nu.mgz
2026-01-28 11:49:24 - fastsurfer_recon.stages.bias_correction - INFO - Completed s02 bias_correction in 3.8s
2026-01-28 11:49:24 - fastsurfer_recon.stages.mask_aseg - INFO - Starting s03 mask_aseg
2026-01-28 11:49:24 - fastsurfer_recon.stages.s03_mask_aseg - INFO - Creating aseg.presurf.mgz from aseg.auto_noCCseg.mgz
2026-01-28 11:49:24 - fastsurfer_recon.stages.s03_mask_aseg - INFO - Applying mask /mnt/DataDrive3/xliu/prep_test/banana_test/preproc/surf_recon/NMT2Sym/mri/mask.mgz to aseg
2026-01-28 11:49:24 - fastsurfer_recon.stages.mask_aseg - INFO - Completed s03 mask_aseg in 0.1s
2026-01-28 11:49:24 - fastsurfer_recon.stages.talairach - INFO - Starting s04 talairach
2026-01-28 11:49:24 - fastsurfer_recon.stages.s04_talairach - INFO - Skipping Talairach registration (--no-talairach flag set)
2026-01-28 11:49:24 - fastsurfer_recon.stages.s04_talairach - INFO - NOTE: eTIV (estimated total intracranial volume) will not be calculated.
2026-01-28 11:49:24 - fastsurfer_recon.stages.s04_talairach - INFO -       This does not affect surface reconstruction or morphometry.
2026-01-28 11:49:24 - fastsurfer_recon.stages.s04_talairach - INFO - Copying orig_nu.mgz to nu.mgz (no Talairach transform)
2026-01-28 11:49:24 - fastsurfer_recon.stages.s04_talairach - INFO - Creating dummy identity talairach.xfm for compatibility
2026-01-28 11:49:24 - fastsurfer_recon.stages.talairach - INFO - Completed s04 talairach in 0.0s
2026-01-28 11:49:24 - fastsurfer_recon.stages.norm_t1 - INFO - Starting s05 norm_t1
2026-01-28 11:49:24 - fastsurfer_recon.stages.s05_norm_t1 - INFO - Creating norm.mgz (masked nu.mgz)
2026-01-28 11:49:24 - fastsurfer_recon.stages.s05_norm_t1 - INFO - Linking T1.mgz to nu.mgz (skipping normalization, keeping skull)
2026-01-28 11:49:24 - fastsurfer_recon.stages.s05_norm_t1 - INFO - Linking brainmask.mgz to norm.mgz
2026-01-28 11:49:24 - fastsurfer_recon.stages.norm_t1 - INFO - Completed s05 norm_t1 in 0.1s
2026-01-28 11:49:24 - fastsurfer_recon.stages.cc_segmentation - INFO - Starting s06 cc_segmentation
2026-01-28 11:49:24 - fastsurfer_recon.stages.s06_cc_segmentation - INFO - Skipping CC segmentation (--no-cc flag set)
2026-01-28 11:49:24 - fastsurfer_recon.stages.s06_cc_segmentation - INFO - Copying aseg.auto_noCCseg.mgz to aseg.auto.mgz (no CC)
2026-01-28 11:49:24 - fastsurfer_recon.stages.cc_segmentation - INFO - Completed s06 cc_segmentation in 0.0s
2026-01-28 11:49:24 - fastsurfer_recon.stages.wm_filled - INFO - Starting s07 wm_filled
2026-01-28 11:49:24 - fastsurfer_recon.stages.s07_wm_filled - INFO - Creating wm.mgz from aseg...
2026-01-28 11:49:26 - fastsurfer_recon.processing.segmentation - INFO - Loading LUT: /home/star/github/banana/FastSurferCNN/atlas/atlas-ARM2/ARM2_ColorLUT.tsv
2026-01-28 11:49:26 - fastsurfer_recon.processing.segmentation - INFO - Loading segmentation: /mnt/DataDrive3/xliu/prep_test/banana_test/preproc/surf_recon/NMT2Sym/mri/aseg.auto.mgz
2026-01-28 11:49:26 - fastsurfer_recon.processing.segmentation - INFO - Creating WM segmentation...
2026-01-28 11:49:26 - fastsurfer_recon.processing.segmentation - INFO - WM segmentation: BG=365201, WM(110)=252351, Vent(250)=2692
2026-01-28 11:49:26 - fastsurfer_recon.processing.segmentation - INFO - Saved: /mnt/DataDrive3/xliu/prep_test/banana_test/preproc/surf_recon/NMT2Sym/mri/wm.mgz
2026-01-28 11:49:26 - fastsurfer_recon.stages.s07_wm_filled - INFO - Creating filled.mgz...
2026-01-28 11:49:26 - fastsurfer_recon.stages.s07_wm_filled - INFO - Creating brain.mgz (normalized norm.mgz)...
2026-01-28 11:49:51 - fastsurfer_recon.stages.s07_wm_filled - INFO - Creating brain.finalsurfs.mgz (masked brain.mgz)...
2026-01-28 11:49:51 - fastsurfer_recon.stages.s07_wm_filled - INFO - Creating filled.mgz from wm.mgz...
2026-01-28 11:49:51 - fastsurfer_recon.stages.s07_wm_filled - WARNING - ponscc.cut.log not found at /mnt/DataDrive3/xliu/prep_test/banana_test/preproc/surf_recon/NMT2Sym/scripts/ponscc.cut.log (may not be available for non-human data)
2026-01-28 11:49:54 - fastsurfer_recon.stages.s07_wm_filled - INFO - Copying filled.mgz to filled.auto.mgz
2026-01-28 11:49:54 - fastsurfer_recon.stages.wm_filled - INFO - Completed s07 wm_filled in 30.4s

================================================================================
FastSurfer Recon Pipeline Log (Single Stage Test)
Subject: sub-NMT2Sym
Run Step: s11
Start: 2026-01-29 14:56:47.948716
================================================================================

2026-01-29 14:56:47 - fastsurfer_recon.stages.spherical_projection - INFO - Starting s11 spherical_projection (lh)
2026-01-29 14:56:47 - fastsurfer_recon.stages.s11_spherical_projection - INFO - Using spectral projection for lh
2026-01-29 14:56:47 - fastsurfer_recon.processing.spherical - INFO - Loading surface: /mnt/DataDrive3/xliu/prep_test/banana_test/preproc/surf_recon/sub-NMT2Sym/surf/lh.smoothwm.nofix
2026-01-29 14:56:47 - fastsurfer_recon.processing.spherical - INFO - Projecting to sphere...
2026-01-29 14:56:47 - fastsurfer_recon.processing.spherical - INFO - Computing Laplace-Beltrami eigenfunctions...
2026-01-29 14:56:49 - fastsurfer_recon.processing.spherical - INFO - Applying mean curvature flow...
2026-01-29 14:56:50 - fastsurfer_recon.processing.spherical - INFO - Projecting to unit sphere...
2026-01-29 14:56:50 - fastsurfer_recon.processing.spherical - INFO - Flipped triangle area: 0.00%
2026-01-29 14:56:50 - fastsurfer_recon.processing.spherical - INFO - Saved: /mnt/DataDrive3/xliu/prep_test/banana_test/preproc/surf_recon/sub-NMT2Sym/surf/lh.qsphere.nofix
2026-01-29 14:56:50 - fastsurfer_recon.stages.spherical_projection - INFO - Completed s11 spherical_projection (lh) in 2.4s
2026-01-29 14:56:50 - fastsurfer_recon.stages.spherical_projection - INFO - Starting s11 spherical_projection (rh)
2026-01-29 14:56:50 - fastsurfer_recon.stages.s11_spherical_projection - INFO - Using spectral projection for rh
2026-01-29 14:56:50 - fastsurfer_recon.processing.spherical - INFO - Loading surface: /mnt/DataDrive3/xliu/prep_test/banana_test/preproc/surf_recon/sub-NMT2Sym/surf/rh.smoothwm.nofix
2026-01-29 14:56:50 - fastsurfer_recon.processing.spherical - INFO - Projecting to sphere...
2026-01-29 14:56:50 - fastsurfer_recon.processing.spherical - INFO - Computing Laplace-Beltrami eigenfunctions...
2026-01-29 14:56:51 - fastsurfer_recon.processing.spherical - INFO - Applying mean curvature flow...
2026-01-29 14:56:52 - fastsurfer_recon.processing.spherical - INFO - Projecting to unit sphere...
2026-01-29 14:56:52 - fastsurfer_recon.processing.spherical - INFO - Flipped triangle area: 0.00%
2026-01-29 14:56:52 - fastsurfer_recon.processing.spherical - INFO - Saved: /mnt/DataDrive3/xliu/prep_test/banana_test/preproc/surf_recon/sub-NMT2Sym/surf/rh.qsphere.nofix
2026-01-29 14:56:52 - fastsurfer_recon.stages.spherical_projection - INFO - Completed s11 spherical_projection (rh) in 2.2s

================================================================================
FastSurfer Recon Pipeline Log (Single Stage Test)
Subject: sub-NMT2Sym
Run Step: s14
Start: 2026-01-29 14:57:51.639879
================================================================================

2026-01-29 14:57:51 - fastsurfer_recon.stages.parcellation - INFO - Starting s14 parcellation (lh)
2026-01-29 14:57:51 - fastsurfer_recon.stages.s14_parcellation - INFO - Creating lh.cortex.label...
2026-01-29 14:58:03 - fastsurfer_recon.stages.s14_parcellation - INFO - Mapping parcellation to lh surface...
2026-01-29 14:58:03 - fastsurfer_recon.stages.s14_parcellation - INFO - Loading surface: /mnt/DataDrive3/xliu/prep_test/banana_test/preproc/surf_recon/sub-NMT2Sym/surf/lh.white.preaparc
2026-01-29 14:58:03 - fastsurfer_recon.processing.parcellation - INFO - Loading segmentation: /mnt/DataDrive3/xliu/prep_test/banana_test/preproc/surf_recon/sub-NMT2Sym/mri/aparc.ARM2atlas+aseg.orig.mgz
2026-01-29 14:58:03 - fastsurfer_recon.processing.parcellation - INFO - Loading cortex label: /mnt/DataDrive3/xliu/prep_test/banana_test/preproc/surf_recon/sub-NMT2Sym/label/lh.cortex.label
2026-01-29 14:58:03 - fastsurfer_recon.processing.parcellation - INFO - Sampling volume to surface...
2026-01-29 14:58:03 - fastsurfer_recon.processing.parcellation - INFO - Searching 533 zero samples within radius 2.0
2026-01-29 14:58:03 - fastsurfer_recon.processing.parcellation - INFO - Translating labels...
2026-01-29 14:58:03 - fastsurfer_recon.processing.parcellation - INFO - Finding label islands...
2026-01-29 14:58:03 - fastsurfer_recon.processing.parcellation - INFO - Smoothing parcellation...
2026-01-29 14:58:03 - fastsurfer_recon.processing.parcellation - INFO - Saved: /mnt/DataDrive3/xliu/prep_test/banana_test/preproc/surf_recon/sub-NMT2Sym/label/lh.aparc.ARM2atlas.mapped.prefix.annot
2026-01-29 14:58:03 - fastsurfer_recon.processing.parcellation - INFO - Loading annotation: /mnt/DataDrive3/xliu/prep_test/banana_test/preproc/surf_recon/sub-NMT2Sym/label/lh.aparc.ARM2atlas.mapped.prefix.annot
2026-01-29 14:58:03 - fastsurfer_recon.processing.parcellation - INFO - Loading cortex label: /mnt/DataDrive3/xliu/prep_test/banana_test/preproc/surf_recon/sub-NMT2Sym/label/lh.cortex.label
2026-01-29 14:58:03 - fastsurfer_recon.processing.parcellation - INFO - Smoothing parcellation...
2026-01-29 14:58:03 - fastsurfer_recon.processing.parcellation - INFO - Saved: /mnt/DataDrive3/xliu/prep_test/banana_test/preproc/surf_recon/sub-NMT2Sym/label/lh.aparc.ARM2atlas.mapped.annot
2026-01-29 14:58:03 - fastsurfer_recon.stages.s14_parcellation - INFO - Applying post-processing adjustments for lh (visualization smoothing/inflation)...
2026-01-29 14:58:03 - fastsurfer_recon.stages.s14_parcellation - INFO - Re-smoothing lh.smoothwm with 5 iterations (visualization smoothing)...
2026-01-29 14:58:03 - fastsurfer_recon.stages.s14_parcellation - INFO - Replaced lh.smoothwm with adjusted version (5 iterations)
2026-01-29 14:58:03 - fastsurfer_recon.stages.s14_parcellation - INFO - Re-smoothing lh.smoothwm with 50 iterations (inflation input only)...
2026-01-29 14:58:04 - fastsurfer_recon.stages.s14_parcellation - INFO - Re-inflating lh.inflated with 3 iterations (visualization inflation)...
2026-01-29 14:58:05 - fastsurfer_recon.stages.s14_parcellation - INFO - Replaced lh.inflated with adjusted version (3 iterations)
2026-01-29 14:58:05 - fastsurfer_recon.stages.parcellation - INFO - Completed s14 parcellation (lh) in 14.1s
2026-01-29 14:58:05 - fastsurfer_recon.stages.parcellation - INFO - Starting s14 parcellation (rh)
2026-01-29 14:58:05 - fastsurfer_recon.stages.s14_parcellation - INFO - Creating rh.cortex.label...
2026-01-29 14:58:17 - fastsurfer_recon.stages.s14_parcellation - INFO - Mapping parcellation to rh surface...
2026-01-29 14:58:17 - fastsurfer_recon.stages.s14_parcellation - INFO - Loading surface: /mnt/DataDrive3/xliu/prep_test/banana_test/preproc/surf_recon/sub-NMT2Sym/surf/rh.white.preaparc
2026-01-29 14:58:17 - fastsurfer_recon.processing.parcellation - INFO - Loading segmentation: /mnt/DataDrive3/xliu/prep_test/banana_test/preproc/surf_recon/sub-NMT2Sym/mri/aparc.ARM2atlas+aseg.orig.mgz
2026-01-29 14:58:17 - fastsurfer_recon.processing.parcellation - INFO - Loading cortex label: /mnt/DataDrive3/xliu/prep_test/banana_test/preproc/surf_recon/sub-NMT2Sym/label/rh.cortex.label
2026-01-29 14:58:17 - fastsurfer_recon.processing.parcellation - INFO - Sampling volume to surface...
2026-01-29 14:58:17 - fastsurfer_recon.processing.parcellation - INFO - Searching 454 zero samples within radius 2.0
2026-01-29 14:58:17 - fastsurfer_recon.processing.parcellation - INFO - Translating labels...
2026-01-29 14:58:17 - fastsurfer_recon.processing.parcellation - INFO - Finding label islands...
2026-01-29 14:58:17 - fastsurfer_recon.processing.parcellation - INFO - Smoothing parcellation...
2026-01-29 14:58:17 - fastsurfer_recon.processing.parcellation - INFO - Saved: /mnt/DataDrive3/xliu/prep_test/banana_test/preproc/surf_recon/sub-NMT2Sym/label/rh.aparc.ARM2atlas.mapped.prefix.annot
2026-01-29 14:58:17 - fastsurfer_recon.processing.parcellation - INFO - Loading annotation: /mnt/DataDrive3/xliu/prep_test/banana_test/preproc/surf_recon/sub-NMT2Sym/label/rh.aparc.ARM2atlas.mapped.prefix.annot
2026-01-29 14:58:17 - fastsurfer_recon.processing.parcellation - INFO - Loading cortex label: /mnt/DataDrive3/xliu/prep_test/banana_test/preproc/surf_recon/sub-NMT2Sym/label/rh.cortex.label
2026-01-29 14:58:17 - fastsurfer_recon.processing.parcellation - INFO - Smoothing parcellation...
2026-01-29 14:58:17 - fastsurfer_recon.processing.parcellation - INFO - Saved: /mnt/DataDrive3/xliu/prep_test/banana_test/preproc/surf_recon/sub-NMT2Sym/label/rh.aparc.ARM2atlas.mapped.annot
2026-01-29 14:58:17 - fastsurfer_recon.stages.s14_parcellation - INFO - Applying post-processing adjustments for rh (visualization smoothing/inflation)...
2026-01-29 14:58:17 - fastsurfer_recon.stages.s14_parcellation - INFO - Re-smoothing rh.smoothwm with 5 iterations (visualization smoothing)...
2026-01-29 14:58:18 - fastsurfer_recon.stages.s14_parcellation - INFO - Replaced rh.smoothwm with adjusted version (5 iterations)
2026-01-29 14:58:18 - fastsurfer_recon.stages.s14_parcellation - INFO - Re-smoothing rh.smoothwm with 50 iterations (inflation input only)...
2026-01-29 14:58:18 - fastsurfer_recon.stages.s14_parcellation - INFO - Re-inflating rh.inflated with 3 iterations (visualization inflation)...
2026-01-29 14:58:19 - fastsurfer_recon.stages.s14_parcellation - INFO - Replaced rh.inflated with adjusted version (3 iterations)
2026-01-29 14:58:19 - fastsurfer_recon.stages.parcellation - INFO - Completed s14 parcellation (rh) in 14.1s

================================================================================
FastSurfer Recon Pipeline Log (Single Stage Test)
Subject: sub-NMT2Sym
Run Step: s14
Start: 2026-01-29 14:58:58.946572
================================================================================

2026-01-29 14:58:58 - fastsurfer_recon.stages.parcellation - INFO - Starting s14 parcellation (lh)
2026-01-29 14:58:58 - fastsurfer_recon.stages.s14_parcellation - INFO - Mapping parcellation to lh surface...
2026-01-29 14:58:58 - fastsurfer_recon.stages.s14_parcellation - INFO - Loading surface: /mnt/DataDrive3/xliu/prep_test/banana_test/preproc/surf_recon/sub-NMT2Sym/surf/lh.white.preaparc
2026-01-29 14:58:58 - fastsurfer_recon.processing.parcellation - INFO - Loading segmentation: /mnt/DataDrive3/xliu/prep_test/banana_test/preproc/surf_recon/sub-NMT2Sym/mri/aparc.ARM2atlas+aseg.orig.mgz
2026-01-29 14:58:58 - fastsurfer_recon.processing.parcellation - INFO - Loading cortex label: /mnt/DataDrive3/xliu/prep_test/banana_test/preproc/surf_recon/sub-NMT2Sym/label/lh.cortex.label
2026-01-29 14:58:58 - fastsurfer_recon.processing.parcellation - INFO - Sampling volume to surface...
2026-01-29 14:58:59 - fastsurfer_recon.processing.parcellation - INFO - Searching 533 zero samples within radius 2.0
2026-01-29 14:58:59 - fastsurfer_recon.processing.parcellation - INFO - Translating labels...
2026-01-29 14:58:59 - fastsurfer_recon.processing.parcellation - INFO - Finding label islands...
2026-01-29 14:58:59 - fastsurfer_recon.processing.parcellation - INFO - Smoothing parcellation...
2026-01-29 14:58:59 - fastsurfer_recon.processing.parcellation - INFO - Saved: /mnt/DataDrive3/xliu/prep_test/banana_test/preproc/surf_recon/sub-NMT2Sym/label/lh.aparc.ARM2atlas.mapped.prefix.annot
2026-01-29 14:58:59 - fastsurfer_recon.processing.parcellation - INFO - Loading annotation: /mnt/DataDrive3/xliu/prep_test/banana_test/preproc/surf_recon/sub-NMT2Sym/label/lh.aparc.ARM2atlas.mapped.prefix.annot
2026-01-29 14:58:59 - fastsurfer_recon.processing.parcellation - INFO - Loading cortex label: /mnt/DataDrive3/xliu/prep_test/banana_test/preproc/surf_recon/sub-NMT2Sym/label/lh.cortex.label
2026-01-29 14:58:59 - fastsurfer_recon.processing.parcellation - INFO - Smoothing parcellation...
2026-01-29 14:58:59 - fastsurfer_recon.processing.parcellation - INFO - Saved: /mnt/DataDrive3/xliu/prep_test/banana_test/preproc/surf_recon/sub-NMT2Sym/label/lh.aparc.ARM2atlas.mapped.annot
2026-01-29 14:58:59 - fastsurfer_recon.stages.s14_parcellation - INFO - Applying post-processing adjustments for lh (visualization smoothing/inflation)...
2026-01-29 14:58:59 - fastsurfer_recon.stages.s14_parcellation - INFO - Re-smoothing lh.smoothwm with 5 iterations (visualization smoothing)...
2026-01-29 14:58:59 - fastsurfer_recon.stages.s14_parcellation - INFO - Replaced lh.smoothwm with adjusted version (5 iterations)
2026-01-29 14:58:59 - fastsurfer_recon.stages.s14_parcellation - INFO - Re-smoothing lh.smoothwm with 50 iterations (inflation input only)...
2026-01-29 14:59:00 - fastsurfer_recon.stages.s14_parcellation - INFO - Re-inflating lh.inflated with 2 iterations (visualization inflation)...
2026-01-29 14:59:01 - fastsurfer_recon.stages.s14_parcellation - INFO - Replaced lh.inflated with adjusted version (2 iterations)
2026-01-29 14:59:01 - fastsurfer_recon.stages.parcellation - INFO - Completed s14 parcellation (lh) in 2.4s
2026-01-29 14:59:01 - fastsurfer_recon.stages.parcellation - INFO - Skipping s14 parcellation (rh) (already complete)

================================================================================
FastSurfer Recon Pipeline Log (Single Stage Test)
Subject: sub-NMT2Sym
Run Step: s14
Start: 2026-01-29 14:59:14.424304
================================================================================

2026-01-29 14:59:14 - fastsurfer_recon.stages.parcellation - INFO - Skipping s14 parcellation (lh) (already complete)
2026-01-29 14:59:14 - fastsurfer_recon.stages.parcellation - INFO - Starting s14 parcellation (rh)
2026-01-29 14:59:14 - fastsurfer_recon.stages.s14_parcellation - INFO - Mapping parcellation to rh surface...
2026-01-29 14:59:14 - fastsurfer_recon.stages.s14_parcellation - INFO - Loading surface: /mnt/DataDrive3/xliu/prep_test/banana_test/preproc/surf_recon/sub-NMT2Sym/surf/rh.white.preaparc
2026-01-29 14:59:14 - fastsurfer_recon.processing.parcellation - INFO - Loading segmentation: /mnt/DataDrive3/xliu/prep_test/banana_test/preproc/surf_recon/sub-NMT2Sym/mri/aparc.ARM2atlas+aseg.orig.mgz
2026-01-29 14:59:14 - fastsurfer_recon.processing.parcellation - INFO - Loading cortex label: /mnt/DataDrive3/xliu/prep_test/banana_test/preproc/surf_recon/sub-NMT2Sym/label/rh.cortex.label
2026-01-29 14:59:14 - fastsurfer_recon.processing.parcellation - INFO - Sampling volume to surface...
2026-01-29 14:59:14 - fastsurfer_recon.processing.parcellation - INFO - Searching 454 zero samples within radius 2.0
2026-01-29 14:59:14 - fastsurfer_recon.processing.parcellation - INFO - Translating labels...
2026-01-29 14:59:14 - fastsurfer_recon.processing.parcellation - INFO - Finding label islands...
2026-01-29 14:59:14 - fastsurfer_recon.processing.parcellation - INFO - Smoothing parcellation...
2026-01-29 14:59:14 - fastsurfer_recon.processing.parcellation - INFO - Saved: /mnt/DataDrive3/xliu/prep_test/banana_test/preproc/surf_recon/sub-NMT2Sym/label/rh.aparc.ARM2atlas.mapped.prefix.annot
2026-01-29 14:59:14 - fastsurfer_recon.processing.parcellation - INFO - Loading annotation: /mnt/DataDrive3/xliu/prep_test/banana_test/preproc/surf_recon/sub-NMT2Sym/label/rh.aparc.ARM2atlas.mapped.prefix.annot
2026-01-29 14:59:14 - fastsurfer_recon.processing.parcellation - INFO - Loading cortex label: /mnt/DataDrive3/xliu/prep_test/banana_test/preproc/surf_recon/sub-NMT2Sym/label/rh.cortex.label
2026-01-29 14:59:15 - fastsurfer_recon.processing.parcellation - INFO - Smoothing parcellation...
2026-01-29 14:59:15 - fastsurfer_recon.processing.parcellation - INFO - Saved: /mnt/DataDrive3/xliu/prep_test/banana_test/preproc/surf_recon/sub-NMT2Sym/label/rh.aparc.ARM2atlas.mapped.annot
2026-01-29 14:59:15 - fastsurfer_recon.stages.s14_parcellation - INFO - Applying post-processing adjustments for rh (visualization smoothing/inflation)...
2026-01-29 14:59:15 - fastsurfer_recon.stages.s14_parcellation - INFO - Re-smoothing rh.smoothwm with 5 iterations (visualization smoothing)...
2026-01-29 14:59:15 - fastsurfer_recon.stages.s14_parcellation - INFO - Replaced rh.smoothwm with adjusted version (5 iterations)
2026-01-29 14:59:15 - fastsurfer_recon.stages.s14_parcellation - INFO - Re-smoothing rh.smoothwm with 50 iterations (inflation input only)...
2026-01-29 14:59:15 - fastsurfer_recon.stages.s14_parcellation - INFO - Re-inflating rh.inflated with 2 iterations (visualization inflation)...
2026-01-29 14:59:16 - fastsurfer_recon.stages.s14_parcellation - INFO - Replaced rh.inflated with adjusted version (2 iterations)
2026-01-29 14:59:16 - fastsurfer_recon.stages.parcellation - INFO - Completed s14 parcellation (rh) in 2.4s

================================================================================
FastSurfer Recon Pipeline Log (Single Stage Test)
Subject: sub-NMT2Sym
Run Step: s14
Start: 2026-01-29 14:59:29.941031
================================================================================

2026-01-29 14:59:29 - fastsurfer_recon.stages.parcellation - INFO - Starting s14 parcellation (lh)
2026-01-29 14:59:29 - fastsurfer_recon.stages.s14_parcellation - INFO - Creating lh.cortex.label...
2026-01-29 14:59:38 - fastsurfer_recon.stages.s14_parcellation - INFO - Mapping parcellation to lh surface...
2026-01-29 14:59:38 - fastsurfer_recon.stages.s14_parcellation - INFO - Loading surface: /mnt/DataDrive3/xliu/prep_test/banana_test/preproc/surf_recon/sub-NMT2Sym/surf/lh.white.preaparc
2026-01-29 14:59:38 - fastsurfer_recon.processing.parcellation - INFO - Loading segmentation: /mnt/DataDrive3/xliu/prep_test/banana_test/preproc/surf_recon/sub-NMT2Sym/mri/aparc.ARM2atlas+aseg.orig.mgz
2026-01-29 14:59:38 - fastsurfer_recon.processing.parcellation - INFO - Loading cortex label: /mnt/DataDrive3/xliu/prep_test/banana_test/preproc/surf_recon/sub-NMT2Sym/label/lh.cortex.label
2026-01-29 14:59:38 - fastsurfer_recon.processing.parcellation - INFO - Sampling volume to surface...
2026-01-29 14:59:38 - fastsurfer_recon.processing.parcellation - INFO - Searching 533 zero samples within radius 2.0
2026-01-29 14:59:38 - fastsurfer_recon.processing.parcellation - INFO - Translating labels...
2026-01-29 14:59:38 - fastsurfer_recon.processing.parcellation - INFO - Finding label islands...
2026-01-29 14:59:38 - fastsurfer_recon.processing.parcellation - INFO - Smoothing parcellation...
2026-01-29 14:59:38 - fastsurfer_recon.processing.parcellation - INFO - Saved: /mnt/DataDrive3/xliu/prep_test/banana_test/preproc/surf_recon/sub-NMT2Sym/label/lh.aparc.ARM2atlas.mapped.prefix.annot
2026-01-29 14:59:38 - fastsurfer_recon.processing.parcellation - INFO - Loading annotation: /mnt/DataDrive3/xliu/prep_test/banana_test/preproc/surf_recon/sub-NMT2Sym/label/lh.aparc.ARM2atlas.mapped.prefix.annot
2026-01-29 14:59:38 - fastsurfer_recon.processing.parcellation - INFO - Loading cortex label: /mnt/DataDrive3/xliu/prep_test/banana_test/preproc/surf_recon/sub-NMT2Sym/label/lh.cortex.label
2026-01-29 14:59:38 - fastsurfer_recon.processing.parcellation - INFO - Smoothing parcellation...
2026-01-29 14:59:38 - fastsurfer_recon.processing.parcellation - INFO - Saved: /mnt/DataDrive3/xliu/prep_test/banana_test/preproc/surf_recon/sub-NMT2Sym/label/lh.aparc.ARM2atlas.mapped.annot
2026-01-29 14:59:38 - fastsurfer_recon.stages.s14_parcellation - INFO - Applying post-processing adjustments for lh (visualization smoothing/inflation)...
2026-01-29 14:59:38 - fastsurfer_recon.stages.s14_parcellation - INFO - Re-smoothing lh.smoothwm with 5 iterations (visualization smoothing)...
2026-01-29 14:59:38 - fastsurfer_recon.stages.s14_parcellation - INFO - Replaced lh.smoothwm with adjusted version (5 iterations)
2026-01-29 14:59:38 - fastsurfer_recon.stages.s14_parcellation - INFO - Re-smoothing lh.smoothwm with 50 iterations (inflation input only)...
2026-01-29 14:59:39 - fastsurfer_recon.stages.s14_parcellation - INFO - Re-inflating lh.inflated with 2 iterations (visualization inflation)...
2026-01-29 14:59:40 - fastsurfer_recon.stages.s14_parcellation - INFO - Replaced lh.inflated with adjusted version (2 iterations)
2026-01-29 14:59:40 - fastsurfer_recon.stages.parcellation - INFO - Completed s14 parcellation (lh) in 10.4s
2026-01-29 14:59:40 - fastsurfer_recon.stages.parcellation - INFO - Starting s14 parcellation (rh)
2026-01-29 14:59:40 - fastsurfer_recon.stages.s14_parcellation - INFO - Creating rh.cortex.label...
2026-01-29 14:59:48 - fastsurfer_recon.stages.s14_parcellation - INFO - Mapping parcellation to rh surface...
2026-01-29 14:59:48 - fastsurfer_recon.stages.s14_parcellation - INFO - Loading surface: /mnt/DataDrive3/xliu/prep_test/banana_test/preproc/surf_recon/sub-NMT2Sym/surf/rh.white.preaparc
2026-01-29 14:59:48 - fastsurfer_recon.processing.parcellation - INFO - Loading segmentation: /mnt/DataDrive3/xliu/prep_test/banana_test/preproc/surf_recon/sub-NMT2Sym/mri/aparc.ARM2atlas+aseg.orig.mgz
2026-01-29 14:59:48 - fastsurfer_recon.processing.parcellation - INFO - Loading cortex label: /mnt/DataDrive3/xliu/prep_test/banana_test/preproc/surf_recon/sub-NMT2Sym/label/rh.cortex.label
2026-01-29 14:59:48 - fastsurfer_recon.processing.parcellation - INFO - Sampling volume to surface...
2026-01-29 14:59:48 - fastsurfer_recon.processing.parcellation - INFO - Searching 454 zero samples within radius 2.0
2026-01-29 14:59:48 - fastsurfer_recon.processing.parcellation - INFO - Translating labels...
2026-01-29 14:59:48 - fastsurfer_recon.processing.parcellation - INFO - Finding label islands...
2026-01-29 14:59:48 - fastsurfer_recon.processing.parcellation - INFO - Smoothing parcellation...
2026-01-29 14:59:48 - fastsurfer_recon.processing.parcellation - INFO - Saved: /mnt/DataDrive3/xliu/prep_test/banana_test/preproc/surf_recon/sub-NMT2Sym/label/rh.aparc.ARM2atlas.mapped.prefix.annot
2026-01-29 14:59:48 - fastsurfer_recon.processing.parcellation - INFO - Loading annotation: /mnt/DataDrive3/xliu/prep_test/banana_test/preproc/surf_recon/sub-NMT2Sym/label/rh.aparc.ARM2atlas.mapped.prefix.annot
2026-01-29 14:59:48 - fastsurfer_recon.processing.parcellation - INFO - Loading cortex label: /mnt/DataDrive3/xliu/prep_test/banana_test/preproc/surf_recon/sub-NMT2Sym/label/rh.cortex.label
2026-01-29 14:59:48 - fastsurfer_recon.processing.parcellation - INFO - Smoothing parcellation...
2026-01-29 14:59:48 - fastsurfer_recon.processing.parcellation - INFO - Saved: /mnt/DataDrive3/xliu/prep_test/banana_test/preproc/surf_recon/sub-NMT2Sym/label/rh.aparc.ARM2atlas.mapped.annot
2026-01-29 14:59:48 - fastsurfer_recon.stages.s14_parcellation - INFO - Applying post-processing adjustments for rh (visualization smoothing/inflation)...
2026-01-29 14:59:48 - fastsurfer_recon.stages.s14_parcellation - INFO - Re-smoothing rh.smoothwm with 5 iterations (visualization smoothing)...
2026-01-29 14:59:49 - fastsurfer_recon.stages.s14_parcellation - INFO - Replaced rh.smoothwm with adjusted version (5 iterations)
2026-01-29 14:59:49 - fastsurfer_recon.stages.s14_parcellation - INFO - Re-smoothing rh.smoothwm with 50 iterations (inflation input only)...
2026-01-29 14:59:49 - fastsurfer_recon.stages.s14_parcellation - INFO - Re-inflating rh.inflated with 2 iterations (visualization inflation)...
2026-01-29 14:59:50 - fastsurfer_recon.stages.s14_parcellation - INFO - Replaced rh.inflated with adjusted version (2 iterations)
2026-01-29 14:59:50 - fastsurfer_recon.stages.parcellation - INFO - Completed s14 parcellation (rh) in 10.3s

================================================================================
FastSurfer Recon Pipeline Log (Single Stage Test)
Subject: sub-NMT2Sym
Run Step: s16
Start: 2026-01-29 14:59:56.124815
================================================================================

2026-01-29 14:59:56 - fastsurfer_recon.stages.compute_morphometry - INFO - Starting s16 compute_morphometry (lh)
2026-01-29 14:59:56 - fastsurfer_recon.stages.s16_compute_morphometry - INFO - Computing morphometry for lh...
2026-01-29 14:59:58 - fastsurfer_recon.stages.compute_morphometry - INFO - Completed s16 compute_morphometry (lh) in 2.9s
2026-01-29 14:59:58 - fastsurfer_recon.stages.compute_morphometry - INFO - Starting s16 compute_morphometry (rh)
2026-01-29 14:59:58 - fastsurfer_recon.stages.s16_compute_morphometry - INFO - Computing morphometry for rh...
2026-01-29 15:00:01 - fastsurfer_recon.stages.compute_morphometry - INFO - Completed s16 compute_morphometry (rh) in 2.9s

================================================================================
FastSurfer Recon Pipeline Log (Single Stage Test)
Subject: sub-NMT2Sym
Run Step: s17
Start: 2026-01-29 15:00:01.848030
================================================================================

2026-01-29 15:00:01 - fastsurfer_recon.stages.registration - INFO - Skipping s17 registration (lh) (disabled)
2026-01-29 15:00:01 - fastsurfer_recon.stages.registration - INFO - Skipping s17 registration (lh) (disabled)
2026-01-29 15:00:01 - fastsurfer_recon.stages.registration - INFO - Skipping s17 registration (rh) (disabled)
2026-01-29 15:00:01 - fastsurfer_recon.stages.registration - INFO - Skipping s17 registration (rh) (disabled)

================================================================================
FastSurfer Recon Pipeline Log (Single Stage Test)
Subject: sub-NMT2Sym
Run Step: s18
Start: 2026-01-29 15:00:01.848538
================================================================================

2026-01-29 15:00:01 - fastsurfer_recon.stages.statistics - INFO - Starting s18 statistics (lh)
2026-01-29 15:00:01 - fastsurfer_recon.stages.statistics - INFO - Starting s18 statistics (lh)
2026-01-29 15:00:01 - fastsurfer_recon.stages.statistics - INFO - Starting s18 statistics (lh)
2026-01-29 15:00:01 - fastsurfer_recon.stages.s18_statistics - INFO - Computing curvature statistics for lh...
2026-01-29 15:00:01 - fastsurfer_recon.stages.s18_statistics - INFO - Computing curvature statistics for lh...
2026-01-29 15:00:01 - fastsurfer_recon.stages.s18_statistics - INFO - Computing curvature statistics for lh...
2026-01-29 15:00:06 - fastsurfer_recon.stages.s18_statistics - INFO - Computing anatomical stats for lh...
2026-01-29 15:00:06 - fastsurfer_recon.stages.s18_statistics - INFO - Computing anatomical stats for lh...
2026-01-29 15:00:06 - fastsurfer_recon.stages.s18_statistics - INFO - Computing anatomical stats for lh...
2026-01-29 15:00:07 - fastsurfer_recon.stages.statistics - INFO - Completed s18 statistics (lh) in 5.6s
2026-01-29 15:00:07 - fastsurfer_recon.stages.statistics - INFO - Completed s18 statistics (lh) in 5.6s
2026-01-29 15:00:07 - fastsurfer_recon.stages.statistics - INFO - Completed s18 statistics (lh) in 5.6s
2026-01-29 15:00:07 - fastsurfer_recon.stages.statistics - INFO - Starting s18 statistics (rh)
2026-01-29 15:00:07 - fastsurfer_recon.stages.statistics - INFO - Starting s18 statistics (rh)
2026-01-29 15:00:07 - fastsurfer_recon.stages.statistics - INFO - Starting s18 statistics (rh)
2026-01-29 15:00:07 - fastsurfer_recon.stages.s18_statistics - INFO - Computing curvature statistics for rh...
2026-01-29 15:00:07 - fastsurfer_recon.stages.s18_statistics - INFO - Computing curvature statistics for rh...
2026-01-29 15:00:07 - fastsurfer_recon.stages.s18_statistics - INFO - Computing curvature statistics for rh...
2026-01-29 15:00:11 - fastsurfer_recon.stages.s18_statistics - INFO - Computing anatomical stats for rh...
2026-01-29 15:00:11 - fastsurfer_recon.stages.s18_statistics - INFO - Computing anatomical stats for rh...
2026-01-29 15:00:11 - fastsurfer_recon.stages.s18_statistics - INFO - Computing anatomical stats for rh...
2026-01-29 15:00:12 - fastsurfer_recon.stages.statistics - INFO - Completed s18 statistics (rh) in 5.1s
2026-01-29 15:00:12 - fastsurfer_recon.stages.statistics - INFO - Completed s18 statistics (rh) in 5.1s
2026-01-29 15:00:12 - fastsurfer_recon.stages.statistics - INFO - Completed s18 statistics (rh) in 5.1s

================================================================================
FastSurfer Recon Pipeline Log (Single Stage Test)
Subject: sub-NMT2Sym
Run Step: s19
Start: 2026-01-29 15:00:12.519672
================================================================================

2026-01-29 15:00:12 - fastsurfer_recon.stages.cortical_ribbon - INFO - Starting s19 cortical_ribbon
2026-01-29 15:00:12 - fastsurfer_recon.stages.cortical_ribbon - INFO - Starting s19 cortical_ribbon
2026-01-29 15:00:12 - fastsurfer_recon.stages.cortical_ribbon - INFO - Starting s19 cortical_ribbon
2026-01-29 15:00:12 - fastsurfer_recon.stages.cortical_ribbon - INFO - Starting s19 cortical_ribbon
2026-01-29 15:00:12 - fastsurfer_recon.stages.s19_cortical_ribbon - INFO - Creating cortical ribbon...
2026-01-29 15:00:12 - fastsurfer_recon.stages.s19_cortical_ribbon - INFO - Creating cortical ribbon...
2026-01-29 15:00:12 - fastsurfer_recon.stages.s19_cortical_ribbon - INFO - Creating cortical ribbon...
2026-01-29 15:00:12 - fastsurfer_recon.stages.s19_cortical_ribbon - INFO - Creating cortical ribbon...
2026-01-29 15:00:35 - fastsurfer_recon.stages.cortical_ribbon - INFO - Completed s19 cortical_ribbon in 22.8s
2026-01-29 15:00:35 - fastsurfer_recon.stages.cortical_ribbon - INFO - Completed s19 cortical_ribbon in 22.8s
2026-01-29 15:00:35 - fastsurfer_recon.stages.cortical_ribbon - INFO - Completed s19 cortical_ribbon in 22.8s
2026-01-29 15:00:35 - fastsurfer_recon.stages.cortical_ribbon - INFO - Completed s19 cortical_ribbon in 22.8s

================================================================================
FastSurfer Recon Pipeline Log (Single Stage Test)
Subject: sub-NMT2Sym
Run Step: s20
Start: 2026-01-29 15:00:35.308714
================================================================================

2026-01-29 15:00:35 - fastsurfer_recon.stages.aseg_refinement - INFO - Starting s20 aseg_refinement
2026-01-29 15:00:35 - fastsurfer_recon.stages.aseg_refinement - INFO - Starting s20 aseg_refinement
2026-01-29 15:00:35 - fastsurfer_recon.stages.aseg_refinement - INFO - Starting s20 aseg_refinement
2026-01-29 15:00:35 - fastsurfer_recon.stages.aseg_refinement - INFO - Starting s20 aseg_refinement
2026-01-29 15:00:35 - fastsurfer_recon.stages.aseg_refinement - INFO - Starting s20 aseg_refinement
2026-01-29 15:00:35 - fastsurfer_recon.stages.s20_aseg_refinement - INFO - Creating aseg.presurf.hypos.mgz...
2026-01-29 15:00:35 - fastsurfer_recon.stages.s20_aseg_refinement - INFO - Creating aseg.presurf.hypos.mgz...
2026-01-29 15:00:35 - fastsurfer_recon.stages.s20_aseg_refinement - INFO - Creating aseg.presurf.hypos.mgz...
2026-01-29 15:00:35 - fastsurfer_recon.stages.s20_aseg_refinement - INFO - Creating aseg.presurf.hypos.mgz...
2026-01-29 15:00:35 - fastsurfer_recon.stages.s20_aseg_refinement - INFO - Creating aseg.presurf.hypos.mgz...
2026-01-29 15:00:46 - fastsurfer_recon.stages.s20_aseg_refinement - INFO - Creating aseg.mgz from aseg.presurf.hypos with surfaces...
2026-01-29 15:00:46 - fastsurfer_recon.stages.s20_aseg_refinement - INFO - Creating aseg.mgz from aseg.presurf.hypos with surfaces...
2026-01-29 15:00:46 - fastsurfer_recon.stages.s20_aseg_refinement - INFO - Creating aseg.mgz from aseg.presurf.hypos with surfaces...
2026-01-29 15:00:46 - fastsurfer_recon.stages.s20_aseg_refinement - INFO - Creating aseg.mgz from aseg.presurf.hypos with surfaces...
2026-01-29 15:00:46 - fastsurfer_recon.stages.s20_aseg_refinement - INFO - Creating aseg.mgz from aseg.presurf.hypos with surfaces...
2026-01-29 15:00:55 - fastsurfer_recon.stages.aseg_refinement - INFO - Completed s20 aseg_refinement in 20.6s
2026-01-29 15:00:55 - fastsurfer_recon.stages.aseg_refinement - INFO - Completed s20 aseg_refinement in 20.6s
2026-01-29 15:00:55 - fastsurfer_recon.stages.aseg_refinement - INFO - Completed s20 aseg_refinement in 20.6s
2026-01-29 15:00:55 - fastsurfer_recon.stages.aseg_refinement - INFO - Completed s20 aseg_refinement in 20.6s
2026-01-29 15:00:55 - fastsurfer_recon.stages.aseg_refinement - INFO - Completed s20 aseg_refinement in 20.6s

================================================================================
FastSurfer Recon Pipeline Log (Single Stage Test)
Subject: sub-NMT2Sym
Run Step: s21
Start: 2026-01-29 15:00:55.866540
================================================================================

2026-01-29 15:00:55 - fastsurfer_recon.stages.aparc_mapping - INFO - Starting s21 aparc_mapping
2026-01-29 15:00:55 - fastsurfer_recon.stages.aparc_mapping - INFO - Starting s21 aparc_mapping
2026-01-29 15:00:55 - fastsurfer_recon.stages.aparc_mapping - INFO - Starting s21 aparc_mapping
2026-01-29 15:00:55 - fastsurfer_recon.stages.aparc_mapping - INFO - Starting s21 aparc_mapping
2026-01-29 15:00:55 - fastsurfer_recon.stages.aparc_mapping - INFO - Starting s21 aparc_mapping
2026-01-29 15:00:55 - fastsurfer_recon.stages.aparc_mapping - INFO - Starting s21 aparc_mapping
2026-01-29 15:00:55 - fastsurfer_recon.stages.s21_aparc_mapping - INFO - Mapping surface parcellation to volume...
2026-01-29 15:00:55 - fastsurfer_recon.stages.s21_aparc_mapping - INFO - Mapping surface parcellation to volume...
2026-01-29 15:00:55 - fastsurfer_recon.stages.s21_aparc_mapping - INFO - Mapping surface parcellation to volume...
2026-01-29 15:00:55 - fastsurfer_recon.stages.s21_aparc_mapping - INFO - Mapping surface parcellation to volume...
2026-01-29 15:00:55 - fastsurfer_recon.stages.s21_aparc_mapping - INFO - Mapping surface parcellation to volume...
2026-01-29 15:00:55 - fastsurfer_recon.stages.s21_aparc_mapping - INFO - Mapping surface parcellation to volume...
2026-01-29 15:01:05 - fastsurfer_recon.stages.s21_aparc_mapping - INFO - Creating symlink: aparc.ARM2atlas+aseg.mgz
2026-01-29 15:01:05 - fastsurfer_recon.stages.s21_aparc_mapping - INFO - Creating symlink: aparc.ARM2atlas+aseg.mgz
2026-01-29 15:01:05 - fastsurfer_recon.stages.s21_aparc_mapping - INFO - Creating symlink: aparc.ARM2atlas+aseg.mgz
2026-01-29 15:01:05 - fastsurfer_recon.stages.s21_aparc_mapping - INFO - Creating symlink: aparc.ARM2atlas+aseg.mgz
2026-01-29 15:01:05 - fastsurfer_recon.stages.s21_aparc_mapping - INFO - Creating symlink: aparc.ARM2atlas+aseg.mgz
2026-01-29 15:01:05 - fastsurfer_recon.stages.s21_aparc_mapping - INFO - Creating symlink: aparc.ARM2atlas+aseg.mgz
2026-01-29 15:01:05 - fastsurfer_recon.stages.s21_aparc_mapping - INFO - Creating symlink: aparc+aseg.mgz
2026-01-29 15:01:05 - fastsurfer_recon.stages.s21_aparc_mapping - INFO - Creating symlink: aparc+aseg.mgz
2026-01-29 15:01:05 - fastsurfer_recon.stages.s21_aparc_mapping - INFO - Creating symlink: aparc+aseg.mgz
2026-01-29 15:01:05 - fastsurfer_recon.stages.s21_aparc_mapping - INFO - Creating symlink: aparc+aseg.mgz
2026-01-29 15:01:05 - fastsurfer_recon.stages.s21_aparc_mapping - INFO - Creating symlink: aparc+aseg.mgz
2026-01-29 15:01:05 - fastsurfer_recon.stages.s21_aparc_mapping - INFO - Creating symlink: aparc+aseg.mgz
2026-01-29 15:01:05 - fastsurfer_recon.stages.aparc_mapping - INFO - Completed s21 aparc_mapping in 9.5s
2026-01-29 15:01:05 - fastsurfer_recon.stages.aparc_mapping - INFO - Completed s21 aparc_mapping in 9.5s
2026-01-29 15:01:05 - fastsurfer_recon.stages.aparc_mapping - INFO - Completed s21 aparc_mapping in 9.5s
2026-01-29 15:01:05 - fastsurfer_recon.stages.aparc_mapping - INFO - Completed s21 aparc_mapping in 9.5s
2026-01-29 15:01:05 - fastsurfer_recon.stages.aparc_mapping - INFO - Completed s21 aparc_mapping in 9.5s
2026-01-29 15:01:05 - fastsurfer_recon.stages.aparc_mapping - INFO - Completed s21 aparc_mapping in 9.5s

================================================================================
FastSurfer Recon Pipeline Log (Single Stage Test)
Subject: sub-NMT2Sym
Run Step: s22
Start: 2026-01-29 15:01:05.345119
================================================================================

2026-01-29 15:01:05 - fastsurfer_recon.stages.wmparc_mapping - INFO - Starting s22 wmparc_mapping
2026-01-29 15:01:05 - fastsurfer_recon.stages.wmparc_mapping - INFO - Starting s22 wmparc_mapping
2026-01-29 15:01:05 - fastsurfer_recon.stages.wmparc_mapping - INFO - Starting s22 wmparc_mapping
2026-01-29 15:01:05 - fastsurfer_recon.stages.wmparc_mapping - INFO - Starting s22 wmparc_mapping
2026-01-29 15:01:05 - fastsurfer_recon.stages.wmparc_mapping - INFO - Starting s22 wmparc_mapping
2026-01-29 15:01:05 - fastsurfer_recon.stages.wmparc_mapping - INFO - Starting s22 wmparc_mapping
2026-01-29 15:01:05 - fastsurfer_recon.stages.wmparc_mapping - INFO - Starting s22 wmparc_mapping
2026-01-29 15:01:05 - fastsurfer_recon.stages.s22_wmparc_mapping - INFO - Mapping surface parcellation to white matter volume...
2026-01-29 15:01:05 - fastsurfer_recon.stages.s22_wmparc_mapping - INFO - Mapping surface parcellation to white matter volume...
2026-01-29 15:01:05 - fastsurfer_recon.stages.s22_wmparc_mapping - INFO - Mapping surface parcellation to white matter volume...
2026-01-29 15:01:05 - fastsurfer_recon.stages.s22_wmparc_mapping - INFO - Mapping surface parcellation to white matter volume...
2026-01-29 15:01:05 - fastsurfer_recon.stages.s22_wmparc_mapping - INFO - Mapping surface parcellation to white matter volume...
2026-01-29 15:01:05 - fastsurfer_recon.stages.s22_wmparc_mapping - INFO - Mapping surface parcellation to white matter volume...
2026-01-29 15:01:05 - fastsurfer_recon.stages.s22_wmparc_mapping - INFO - Mapping surface parcellation to white matter volume...
2026-01-29 15:01:08 - fastsurfer_recon.stages.s22_wmparc_mapping - INFO - Creating symlink: wmparc.mgz
2026-01-29 15:01:08 - fastsurfer_recon.stages.s22_wmparc_mapping - INFO - Creating symlink: wmparc.mgz
2026-01-29 15:01:08 - fastsurfer_recon.stages.s22_wmparc_mapping - INFO - Creating symlink: wmparc.mgz
2026-01-29 15:01:08 - fastsurfer_recon.stages.s22_wmparc_mapping - INFO - Creating symlink: wmparc.mgz
2026-01-29 15:01:08 - fastsurfer_recon.stages.s22_wmparc_mapping - INFO - Creating symlink: wmparc.mgz
2026-01-29 15:01:08 - fastsurfer_recon.stages.s22_wmparc_mapping - INFO - Creating symlink: wmparc.mgz
2026-01-29 15:01:08 - fastsurfer_recon.stages.s22_wmparc_mapping - INFO - Creating symlink: wmparc.mgz
2026-01-29 15:01:08 - fastsurfer_recon.stages.wmparc_mapping - INFO - Completed s22 wmparc_mapping in 3.2s
2026-01-29 15:01:08 - fastsurfer_recon.stages.wmparc_mapping - INFO - Completed s22 wmparc_mapping in 3.2s
2026-01-29 15:01:08 - fastsurfer_recon.stages.wmparc_mapping - INFO - Completed s22 wmparc_mapping in 3.2s
2026-01-29 15:01:08 - fastsurfer_recon.stages.wmparc_mapping - INFO - Completed s22 wmparc_mapping in 3.2s
2026-01-29 15:01:08 - fastsurfer_recon.stages.wmparc_mapping - INFO - Completed s22 wmparc_mapping in 3.2s
2026-01-29 15:01:08 - fastsurfer_recon.stages.wmparc_mapping - INFO - Completed s22 wmparc_mapping in 3.2s
2026-01-29 15:01:08 - fastsurfer_recon.stages.wmparc_mapping - INFO - Completed s22 wmparc_mapping in 3.2s
