status file for recon-all
Thu Jan 29 14:57:35 EST 2026
recon-all -s sub-NMT2Sym finished without error at Thu Jan 29 14:57:36 EST 2026



#New# invocation of recon-all 



status file for recon-all
Thu Jan 29 14:57:42 EST 2026
recon-all -s sub-NMT2Sym finished without error at Thu Jan 29 14:57:43 EST 2026



#New# invocation of recon-all 



status file for recon-all
Thu Jan 29 14:57:52 EST 2026
#@# white curv lh Thu Jan 29 14:57:56 EST 2026
#@# white area lh Thu Jan 29 14:57:57 EST 2026
#@# pial curv lh Thu Jan 29 14:57:58 EST 2026
#@# pial area lh Thu Jan 29 14:57:58 EST 2026
#@# thickness lh Thu Jan 29 14:57:59 EST 2026
#@# area and vertex vol lh Thu Jan 29 14:58:01 EST 2026
recon-all -s sub-NMT2Sym finished without error at Thu Jan 29 14:58:03 EST 2026



#New# invocation of recon-all 



status file for recon-all
Thu Jan 29 14:58:06 EST 2026
#@# white curv rh Thu Jan 29 14:58:10 EST 2026
#@# white area rh Thu Jan 29 14:58:11 EST 2026
#@# pial curv rh Thu Jan 29 14:58:12 EST 2026
#@# pial area rh Thu Jan 29 14:58:12 EST 2026
#@# thickness rh Thu Jan 29 14:58:13 EST 2026
#@# area and vertex vol rh Thu Jan 29 14:58:16 EST 2026
recon-all -s sub-NMT2Sym finished without error at Thu Jan 29 14:58:17 EST 2026



#New# invocation of recon-all 



status file for recon-all
Thu Jan 29 14:59:30 EST 2026
#@# white curv lh Thu Jan 29 14:59:35 EST 2026
#@# white area lh Thu Jan 29 14:59:35 EST 2026
#@# pial curv lh Thu Jan 29 14:59:35 EST 2026
#@# pial area lh Thu Jan 29 14:59:36 EST 2026
#@# thickness lh Thu Jan 29 14:59:36 EST 2026
#@# area and vertex vol lh Thu Jan 29 14:59:37 EST 2026
recon-all -s sub-NMT2Sym finished without error at Thu Jan 29 14:59:38 EST 2026



#New# invocation of recon-all 



status file for recon-all
Thu Jan 29 14:59:40 EST 2026
#@# white curv rh Thu Jan 29 14:59:45 EST 2026
#@# white area rh Thu Jan 29 14:59:45 EST 2026
#@# pial curv rh Thu Jan 29 14:59:46 EST 2026
#@# pial area rh Thu Jan 29 14:59:46 EST 2026
#@# thickness rh Thu Jan 29 14:59:47 EST 2026
#@# area and vertex vol rh Thu Jan 29 14:59:47 EST 2026
recon-all -s sub-NMT2Sym finished without error at Thu Jan 29 14:59:48 EST 2026



#New# invocation of recon-all 



status file for recon-all
Thu Jan 29 15:00:02 EST 2026
#@# white curv lh Thu Jan 29 15:00:02 EST 2026
#@# white area lh Thu Jan 29 15:00:02 EST 2026
#@# pial curv lh Thu Jan 29 15:00:03 EST 2026
#@# pial area lh Thu Jan 29 15:00:03 EST 2026
#@# thickness lh Thu Jan 29 15:00:04 EST 2026
#@# area and vertex vol lh Thu Jan 29 15:00:04 EST 2026
#@# Curvature Stats lh Thu Jan 29 15:00:05 EST 2026
recon-all -s sub-NMT2Sym finished without error at Thu Jan 29 15:00:06 EST 2026



#New# invocation of recon-all 



status file for recon-all
Thu Jan 29 15:00:07 EST 2026
#@# white curv rh Thu Jan 29 15:00:07 EST 2026
#@# white area rh Thu Jan 29 15:00:08 EST 2026
#@# pial curv rh Thu Jan 29 15:00:08 EST 2026
#@# pial area rh Thu Jan 29 15:00:09 EST 2026
#@# thickness rh Thu Jan 29 15:00:09 EST 2026
#@# area and vertex vol rh Thu Jan 29 15:00:10 EST 2026
#@# Curvature Stats rh Thu Jan 29 15:00:11 EST 2026
recon-all -s sub-NMT2Sym finished without error at Thu Jan 29 15:00:11 EST 2026



#New# invocation of recon-all 



status file for recon-all
Thu Jan 29 15:00:12 EST 2026
#@# white curv lh Thu Jan 29 15:00:13 EST 2026
#@# white area lh Thu Jan 29 15:00:13 EST 2026
#@# pial curv lh Thu Jan 29 15:00:13 EST 2026
#@# pial area lh Thu Jan 29 15:00:14 EST 2026
#@# thickness lh Thu Jan 29 15:00:14 EST 2026
#@# area and vertex vol lh Thu Jan 29 15:00:15 EST 2026
#@# white curv rh Thu Jan 29 15:00:16 EST 2026
#@# white area rh Thu Jan 29 15:00:16 EST 2026
#@# pial curv rh Thu Jan 29 15:00:16 EST 2026
#@# pial area rh Thu Jan 29 15:00:17 EST 2026
#@# thickness rh Thu Jan 29 15:00:17 EST 2026
#@# area and vertex vol rh Thu Jan 29 15:00:18 EST 2026
#@# Cortical ribbon mask Thu Jan 29 15:00:19 EST 2026
recon-all -s sub-NMT2Sym finished without error at Thu Jan 29 15:00:35 EST 2026



#New# invocation of recon-all 



status file for recon-all
Thu Jan 29 15:00:35 EST 2026
#@# white curv lh Thu Jan 29 15:00:35 EST 2026
#@# white area lh Thu Jan 29 15:00:36 EST 2026
#@# pial curv lh Thu Jan 29 15:00:36 EST 2026
#@# pial area lh Thu Jan 29 15:00:37 EST 2026
#@# thickness lh Thu Jan 29 15:00:37 EST 2026
#@# area and vertex vol lh Thu Jan 29 15:00:37 EST 2026
#@# white curv rh Thu Jan 29 15:00:38 EST 2026
#@# white area rh Thu Jan 29 15:00:39 EST 2026
#@# pial curv rh Thu Jan 29 15:00:39 EST 2026
#@# pial area rh Thu Jan 29 15:00:40 EST 2026
#@# thickness rh Thu Jan 29 15:00:40 EST 2026
#@# area and vertex vol rh Thu Jan 29 15:00:40 EST 2026
#@# Relabel Hypointensities Thu Jan 29 15:00:41 EST 2026
recon-all -s sub-NMT2Sym finished without error at Thu Jan 29 15:00:46 EST 2026



#New# invocation of recon-all 



status file for recon-all
Thu Jan 29 15:00:46 EST 2026
#@# white curv lh Thu Jan 29 15:00:46 EST 2026
#@# white area lh Thu Jan 29 15:00:47 EST 2026
#@# pial curv lh Thu Jan 29 15:00:47 EST 2026
#@# pial area lh Thu Jan 29 15:00:48 EST 2026
#@# thickness lh Thu Jan 29 15:00:48 EST 2026
#@# area and vertex vol lh Thu Jan 29 15:00:48 EST 2026
#@# white curv rh Thu Jan 29 15:00:49 EST 2026
#@# white area rh Thu Jan 29 15:00:50 EST 2026
#@# pial curv rh Thu Jan 29 15:00:50 EST 2026
#@# pial area rh Thu Jan 29 15:00:51 EST 2026
#@# thickness rh Thu Jan 29 15:00:51 EST 2026
#@# area and vertex vol rh Thu Jan 29 15:00:51 EST 2026
#@# APas-to-ASeg Thu Jan 29 15:00:52 EST 2026
recon-all -s sub-NMT2Sym finished without error at Thu Jan 29 15:00:55 EST 2026
